18:39:04.982 [main] INFO  org.testng.internal.Utils - [TestNG] Time taken by org.testng.reporters.jq.Main@361c294e: 395 ms
18:39:05.014 [main] INFO  org.testng.internal.Utils - [TestNG] Time taken by org.testng.reporters.FailedReporter@192f2f27: 23 ms
18:39:05.034 [main] INFO  org.testng.internal.Utils - [TestNG] Time taken by org.testng.reporters.XMLReporter@611f8234: 20 ms
18:39:05.048 [main] INFO  org.testng.internal.Utils - [TestNG] Time taken by org.testng.reporters.EmailableReporter2@372ea2bc: 13 ms
18:39:05.057 [main] INFO  org.testng.internal.Utils - [TestNG] Time taken by org.testng.reporters.JUnitReportReporter@cdc3aae: 9 ms
18:39:05.058 [main] INFO  org.testng.internal.Utils - [TestNG] Time taken by org.testng.internal.ExitCodeListener@7ef2d7a6: 1 ms
18:43:00.970 [main] INFO  org.testng.internal.Utils - [TestNG] Running:
  C:\Users\DELL\eclipse-workspace\OpenCartV12\master.xml

18:43:04.398 [main] INFO  testCases.TC002_LoginTest - ***Starting TC002_LoginTest ***
18:43:05.130 [main] INFO  testCases.TC002_LoginTest - ***Clicked on Myaccount ***
18:43:05.660 [main] INFO  testCases.TC002_LoginTest - ***Clicked on Login ***
18:43:06.940 [main] INFO  testCases.TC002_LoginTest - ***Finished TC002_LoginTest ***
22:13:03.938 [main] INFO  org.testng.internal.Utils - [TestNG] Running:
  C:\Users\DELL\eclipse-workspace\OpenCartV12\master.xml

22:13:11.419 [main] INFO  testCases.TC003_LoginDDT - ***Start TC003_LoginDDT ***
22:13:11.609 [main] INFO  testCases.TC003_LoginDDT - ***Clicked on Myaccount ***
22:13:11.976 [main] INFO  testCases.TC003_LoginDDT - ***Clicked on Login ***
22:13:13.385 [main] INFO  testCases.TC003_LoginDDT - ***Finished TC003_LoginDDT ***
22:13:13.398 [main] INFO  testCases.TC003_LoginDDT - ***Start TC003_LoginDDT ***
22:13:13.476 [main] INFO  testCases.TC003_LoginDDT - ***Clicked on Myaccount ***
22:13:13.736 [main] INFO  testCases.TC003_LoginDDT - ***Clicked on Login ***
22:13:24.518 [main] INFO  testCases.TC003_LoginDDT - ***Finished TC003_LoginDDT ***
22:13:24.525 [main] INFO  testCases.TC003_LoginDDT - ***Start TC003_LoginDDT ***
22:13:24.623 [main] INFO  testCases.TC003_LoginDDT - ***Clicked on Myaccount ***
22:13:25.357 [main] INFO  testCases.TC003_LoginDDT - ***Clicked on Login ***
22:19:48.512 [main] INFO  org.testng.internal.Utils - [TestNG] Running:
  C:\Users\DELL\eclipse-workspace\OpenCartV12\master.xml

22:19:55.046 [main] INFO  testCases.TC003_LoginDDT - ***Start TC003_LoginDDT ***
22:19:55.198 [main] INFO  testCases.TC003_LoginDDT - ***Clicked on Myaccount ***
22:19:55.944 [main] INFO  testCases.TC003_LoginDDT - ***Clicked on Login ***
22:19:57.488 [main] INFO  testCases.TC003_LoginDDT - ***Finished TC003_LoginDDT ***
22:19:57.497 [main] INFO  testCases.TC003_LoginDDT - ***Start TC003_LoginDDT ***
22:19:57.574 [main] INFO  testCases.TC003_LoginDDT - ***Clicked on Myaccount ***
22:19:57.890 [main] INFO  testCases.TC003_LoginDDT - ***Clicked on Login ***
22:20:08.902 [main] INFO  testCases.TC003_LoginDDT - ***Finished TC003_LoginDDT ***
22:20:08.907 [main] INFO  testCases.TC003_LoginDDT - ***Start TC003_LoginDDT ***
22:20:08.969 [main] INFO  testCases.TC003_LoginDDT - ***Clicked on Myaccount ***
22:20:09.693 [main] INFO  testCases.TC003_LoginDDT - ***Clicked on Login ***
22:20:20.913 [main] INFO  testCases.TC003_LoginDDT - ***Finished TC003_LoginDDT ***
22:20:20.916 [main] INFO  testCases.TC003_LoginDDT - ***Start TC003_LoginDDT ***
22:20:20.972 [main] INFO  testCases.TC003_LoginDDT - ***Clicked on Myaccount ***
22:20:21.222 [main] INFO  testCases.TC003_LoginDDT - ***Clicked on Login ***
22:20:31.922 [main] INFO  testCases.TC003_LoginDDT - ***Finished TC003_LoginDDT ***
22:20:31.926 [main] INFO  testCases.TC003_LoginDDT - ***Start TC003_LoginDDT ***
22:20:31.994 [main] INFO  testCases.TC003_LoginDDT - ***Clicked on Myaccount ***
22:20:32.255 [main] INFO  testCases.TC003_LoginDDT - ***Clicked on Login ***
22:45:55.897 [main] INFO  org.testng.internal.Utils - [TestNG] Running:
  C:\Users\DELL\eclipse-workspace\OpenCartV12\grouping.xml

22:47:25.083 [main] INFO  org.testng.internal.Utils - [TestNG] Running:
  C:\Users\DELL\eclipse-workspace\OpenCartV12\grouping.xml

22:51:56.658 [main] INFO  org.testng.internal.Utils - [TestNG] Running:
  C:\Users\DELL\eclipse-workspace\OpenCartV12\grouping.xml

22:52:02.723 [main] INFO  testCases.TC001_AccountRegistration - **** Stating TC001_AccountRegistration  ****
22:52:03.422 [main] INFO  testCases.TC001_AccountRegistration - clicked on myaccount link..
22:52:04.330 [main] INFO  testCases.TC001_AccountRegistration - clicked on register link..
22:52:04.334 [main] INFO  testCases.TC001_AccountRegistration - I am  providing details..
22:52:06.156 [main] INFO  testCases.TC001_AccountRegistration - Validating expected message..
22:52:06.242 [main] INFO  testCases.TC001_AccountRegistration - **** Finished TC001_AccountRegistration  ****
22:52:09.548 [main] INFO  testCases.TC002_LoginTest - ***Starting TC002_LoginTest ***
